m:\documents\year 3\semester 2\procedural methods\engine\engine\debug\vc140.pdb
m:\documents\year 3\semester 2\procedural methods\engine\engine\debug\vc140.idb
m:\documents\year 3\semester 2\procedural methods\engine\engine\debug\applicationclass.obj
m:\documents\year 3\semester 2\procedural methods\engine\engine\debug\cameraclass.obj
m:\documents\year 3\semester 2\procedural methods\engine\engine\debug\cpuclass.obj
m:\documents\year 3\semester 2\procedural methods\engine\engine\debug\d3dclass.obj
m:\documents\year 3\semester 2\procedural methods\engine\engine\debug\fontclass.obj
m:\documents\year 3\semester 2\procedural methods\engine\engine\debug\fontshaderclass.obj
m:\documents\year 3\semester 2\procedural methods\engine\engine\debug\fpsclass.obj
m:\documents\year 3\semester 2\procedural methods\engine\engine\debug\inputclass.obj
m:\documents\year 3\semester 2\procedural methods\engine\engine\debug\lightclass.obj
m:\documents\year 3\semester 2\procedural methods\engine\engine\debug\main.obj
m:\documents\year 3\semester 2\procedural methods\engine\engine\debug\positionclass.obj
m:\documents\year 3\semester 2\procedural methods\engine\engine\debug\systemclass.obj
m:\documents\year 3\semester 2\procedural methods\engine\engine\debug\terrainclass.obj
m:\documents\year 3\semester 2\procedural methods\engine\engine\debug\terrainshaderclass.obj
m:\documents\year 3\semester 2\procedural methods\engine\engine\debug\textclass.obj
m:\documents\year 3\semester 2\procedural methods\engine\engine\debug\textureclass.obj
m:\documents\year 3\semester 2\procedural methods\engine\engine\debug\timerclass.obj
m:\documents\year 3\semester 2\procedural methods\engine\engine\debug\perlin.obj
\\stuhome\homedrive5$\1500855\documents\year 3\semester 2\procedural methods\engine\engine\debug\vc140.pdb
\\stuhome\homedrive5$\1500855\documents\year 3\semester 2\procedural methods\engine\engine\debug\vc140.idb
\\stuhome\homedrive5$\1500855\documents\year 3\semester 2\procedural methods\engine\engine\debug\applicationclass.obj
\\stuhome\homedrive5$\1500855\documents\year 3\semester 2\procedural methods\engine\engine\debug\cameraclass.obj
\\stuhome\homedrive5$\1500855\documents\year 3\semester 2\procedural methods\engine\engine\debug\cpuclass.obj
\\stuhome\homedrive5$\1500855\documents\year 3\semester 2\procedural methods\engine\engine\debug\d3dclass.obj
\\stuhome\homedrive5$\1500855\documents\year 3\semester 2\procedural methods\engine\engine\debug\fontclass.obj
\\stuhome\homedrive5$\1500855\documents\year 3\semester 2\procedural methods\engine\engine\debug\fontshaderclass.obj
\\stuhome\homedrive5$\1500855\documents\year 3\semester 2\procedural methods\engine\engine\debug\fpsclass.obj
\\stuhome\homedrive5$\1500855\documents\year 3\semester 2\procedural methods\engine\engine\debug\inputclass.obj
\\stuhome\homedrive5$\1500855\documents\year 3\semester 2\procedural methods\engine\engine\debug\lightclass.obj
\\stuhome\homedrive5$\1500855\documents\year 3\semester 2\procedural methods\engine\engine\debug\main.obj
\\stuhome\homedrive5$\1500855\documents\year 3\semester 2\procedural methods\engine\engine\debug\perlin.obj
\\stuhome\homedrive5$\1500855\documents\year 3\semester 2\procedural methods\engine\engine\debug\positionclass.obj
\\stuhome\homedrive5$\1500855\documents\year 3\semester 2\procedural methods\engine\engine\debug\systemclass.obj
\\stuhome\homedrive5$\1500855\documents\year 3\semester 2\procedural methods\engine\engine\debug\terrainclass.obj
\\stuhome\homedrive5$\1500855\documents\year 3\semester 2\procedural methods\engine\engine\debug\terrainshaderclass.obj
\\stuhome\homedrive5$\1500855\documents\year 3\semester 2\procedural methods\engine\engine\debug\textclass.obj
\\stuhome\homedrive5$\1500855\documents\year 3\semester 2\procedural methods\engine\engine\debug\textureclass.obj
\\stuhome\homedrive5$\1500855\documents\year 3\semester 2\procedural methods\engine\engine\debug\timerclass.obj
\\stuhome\homedrive5$\1500855\documents\year 3\semester 2\procedural methods\engine\debug\engine.ilk
\\stuhome\homedrive5$\1500855\documents\year 3\semester 2\procedural methods\engine\debug\engine.exe
\\stuhome\homedrive5$\1500855\documents\year 3\semester 2\procedural methods\engine\debug\engine.pdb
m:\documents\year 3\semester 2\procedural methods\engine\debug\engine.ilk
m:\documents\year 3\semester 2\procedural methods\engine\debug\engine.exe
m:\documents\year 3\semester 2\procedural methods\engine\debug\engine.pdb
m:\documents\year 3\semester 2\procedural methods\engine\engine\debug\vc120.idb
m:\documents\year 3\semester 2\procedural methods\engine\engine\debug\vc120.pdb
m:\documents\year 3\semester 2\procedural methods\engine\engine\debug\engine.tlog\cl.command.1.tlog
m:\documents\year 3\semester 2\procedural methods\engine\engine\debug\engine.tlog\cl.read.1.tlog
m:\documents\year 3\semester 2\procedural methods\engine\engine\debug\engine.tlog\cl.write.1.tlog
m:\documents\year 3\semester 2\procedural methods\engine\engine\debug\engine.tlog\link.command.1.tlog
m:\documents\year 3\semester 2\procedural methods\engine\engine\debug\engine.tlog\link.read.1.tlog
m:\documents\year 3\semester 2\procedural methods\engine\engine\debug\engine.tlog\link.write.1.tlog
